<?xml version="1.0" encoding="UTF-8"?>
<!-- Generated by org.testng.reporters.JUnitReportReporter -->
<testsuite name="Cases.CallingWait" tests="1" time="9.499" ignored="0" failures="0" timestamp="05 Jan 2017 16:57:24 GMT" skipped="0" hostname="NAMAN-PC" errors="0">
  <testcase name="run1" time="9.499" classname="Cases.CallingWait"/>
</testsuite> <!-- Cases.CallingWait -->
