<?xml version="1.0" encoding="UTF-8"?>
<!-- Generated by org.testng.reporters.JUnitReportReporter -->
<testsuite name="Cases.setHWofBrowserWindow" tests="1" time="13.516" ignored="1" failures="0" timestamp="12 Feb 2017 05:31:51 GMT" skipped="0" hostname="NAMAN-PC" errors="0">
  <testcase name="setbrowserposition" time="13.516" classname="Cases.setHWofBrowserWindow"/>
  <testcase name="setheightandwidth" classname="Cases.setHWofBrowserWindow">
    <skipped/>
  </testcase> <!-- setheightandwidth -->
</testsuite> <!-- Cases.setHWofBrowserWindow -->
