<?xml version="1.0" encoding="UTF-8"?>
<!-- Generated by org.testng.reporters.JUnitReportReporter -->
<testsuite name="Cases.screenShotofElement" tests="1" time="13.998" ignored="0" failures="0" timestamp="11 Feb 2017 18:32:00 GMT" skipped="0" hostname="NAMAN-PC" errors="0">
  <testcase name="HeightWidth" time="13.998" classname="Cases.screenShotofElement"/>
</testsuite> <!-- Cases.screenShotofElement -->
