<?xml version="1.0" encoding="UTF-8"?>
<!-- Generated by org.testng.reporters.JUnitReportReporter -->
<testsuite name="Cases.testRecordVideo" tests="1" time="26.652" ignored="0" failures="0" timestamp="29 Jan 2017 17:21:13 GMT" skipped="0" hostname="NAMAN-PC" errors="0">
  <testcase name="testGoogleSearch" time="26.652" classname="Cases.testRecordVideo"/>
</testsuite> <!-- Cases.testRecordVideo -->
