<?xml version="1.0" encoding="UTF-8"?>
<!-- Generated by org.testng.reporters.JUnitReportReporter -->
<testsuite name="Cases.readdatafromXLSpasswordprotected" tests="1" time="1.699" ignored="0" failures="0" timestamp="05 Apr 2017 16:16:16 GMT" skipped="0" hostname="NAMAN-PC" errors="0">
  <testcase name="readdata" time="1.699" classname="Cases.readdatafromXLSpasswordprotected"/>
</testsuite> <!-- Cases.readdatafromXLSpasswordprotected -->
