<?xml version="1.0" encoding="UTF-8"?>
<!-- Generated by org.testng.reporters.JUnitReportReporter -->
<testsuite name="Cases.getHeightWidth" tests="1" time="13.712" ignored="0" failures="0" timestamp="11 Feb 2017 16:06:52 GMT" skipped="0" hostname="NAMAN-PC" errors="0">
  <testcase name="getHeightWidth" time="13.712" classname="Cases.getHeightWidth"/>
</testsuite> <!-- Cases.getHeightWidth -->
