<?xml version="1.0" encoding="UTF-8"?>
<!-- Generated by org.testng.reporters.JUnitReportReporter -->
<testsuite name="Cases.scrollDownWebpage" tests="2" time="29.418" ignored="0" failures="0" timestamp="12 Feb 2017 05:47:20 GMT" skipped="0" hostname="NAMAN-PC" errors="0">
  <testcase name="Scroll_Page" time="13.882" classname="Cases.scrollDownWebpage"/>
  <testcase name="scrollpage" time="15.536" classname="Cases.scrollDownWebpage"/>
</testsuite> <!-- Cases.scrollDownWebpage -->
