<?xml version="1.0" encoding="UTF-8"?>
<!-- Generated by org.testng.reporters.JUnitReportReporter -->
<testsuite name="Cases.swithingbetweenTabs" tests="1" time="13.401" ignored="0" failures="0" timestamp="12 Feb 2017 09:19:17 GMT" skipped="0" hostname="NAMAN-PC" errors="0">
  <testcase name="switchingtab" time="13.401" classname="Cases.swithingbetweenTabs"/>
</testsuite> <!-- Cases.swithingbetweenTabs -->
