<?xml version="1.0" encoding="UTF-8"?>
<!-- Generated by org.testng.reporters.JUnitReportReporter -->
<testsuite name="Cases.locateXYposition" tests="1" time="14.866" ignored="0" failures="0" timestamp="11 Feb 2017 15:49:22 GMT" skipped="0" hostname="NAMAN-PC" errors="0">
  <testcase name="locateXY" time="14.866" classname="Cases.locateXYposition"/>
</testsuite> <!-- Cases.locateXYposition -->
